RUN	computerdatabase.advanced.ScalaAdvancedSimulationStep02	scalaadvancedsimulationstep02	1667758227845	run	3.6.1
USER	Admins	START	1667758228712
USER	Users	START	1667758228711
REQUEST		Home	1667758228759	1667758229290	OK	 
REQUEST		Home	1667758228758	1667758229349	OK	 
REQUEST		Home Redirect 1	1667758229308	1667758229602	OK	 
REQUEST		Home Redirect 1	1667758229350	1667758229687	OK	 
USER	Users	START	1667758229723
REQUEST		Home	1667758229724	1667758230280	OK	 
REQUEST		Home Redirect 1	1667758230281	1667758230587	OK	 
USER	Users	START	1667758230708
REQUEST		Search	1667758230693	1667758230943	OK	 
REQUEST		Search	1667758230693	1667758230985	OK	 
USER	Users	START	1667758231690
REQUEST		Search	1667758231600	1667758231878	OK	 
REQUEST		Home	1667758230708	1667758231929	OK	 
REQUEST		Select	1667758231953	1667758232195	OK	 
REQUEST		Home	1667758231691	1667758232254	OK	 
REQUEST		Select	1667758232000	1667758232278	OK	 
REQUEST		Home Redirect 1	1667758232254	1667758232547	OK	 
USER	Users	START	1667758232700
REQUEST		Home Redirect 1	1667758231929	1667758233029	OK	 
REQUEST		Select	1667758232893	1667758233175	OK	 
REQUEST		Home	1667758232701	1667758233195	OK	 
REQUEST		Home	1667758233202	1667758233447	OK	 
REQUEST		Home	1667758233294	1667758233571	OK	 
REQUEST		Home Redirect 1	1667758233447	1667758233690	OK	 
USER	Admins	START	1667758233696
USER	Users	START	1667758233699
REQUEST		Search	1667758233557	1667758233835	OK	 
REQUEST		Home Redirect 1	1667758233572	1667758233847	OK	 
REQUEST		Home	1667758233698	1667758234172	OK	 
REQUEST		Home	1667758233700	1667758234191	OK	 
REQUEST		Home Redirect 1	1667758234173	1667758234438	OK	 
REQUEST		Home Redirect 1	1667758234192	1667758234449	OK	 
REQUEST		Home	1667758234189	1667758234469	OK	 
REQUEST		Home Redirect 1	1667758233196	1667758234695	OK	 
USER	Users	START	1667758234702
REQUEST		Home Redirect 1	1667758234470	1667758234752	OK	 
REQUEST		Select	1667758234841	1667758235125	OK	 
REQUEST		Search	1667758234035	1667758235225	OK	 
REQUEST		Home	1667758234703	1667758235266	OK	 
REQUEST		Home Redirect 1	1667758235267	1667758235543	OK	 
USER	Users	START	1667758235689
REQUEST		Search	1667758235457	1667758235708	OK	 
REQUEST		Search	1667758235442	1667758235924	OK	 
REQUEST		Page 1	1667758235706	1667758235954	OK	 
REQUEST		Page 1	1667758235856	1667758236126	OK	 
REQUEST		Home	1667758235690	1667758236233	OK	 
REQUEST		Home	1667758236131	1667758236412	OK	 
REQUEST		Select	1667758236239	1667758236487	OK	 
REQUEST		Home Redirect 1	1667758236233	1667758236501	OK	 
REQUEST		Home Redirect 1	1667758236412	1667758236690	OK	 
USER	Users	START	1667758236700
REQUEST		Search	1667758236547	1667758236831	OK	 
REQUEST		Page 2	1667758236639	1667758236885	OK	 
REQUEST		Select	1667758236715	1667758236959	OK	 
REQUEST		Page 1	1667758236761	1667758237039	OK	 
REQUEST		Page 2	1667758236807	1667758237089	OK	 
REQUEST		Select	1667758236931	1667758237175	OK	 
USER	Users	START	1667758237698
REQUEST		Home	1667758237499	1667758237745	OK	 
REQUEST		Page 3	1667758237529	1667758237781	OK	 
REQUEST		Search	1667758237514	1667758237790	OK	 
REQUEST		Search	1667758235703	1667758237956	OK	 
REQUEST		Page 2	1667758237714	1667758237994	OK	 
REQUEST		Select	1667758237835	1667758238115	OK	 
REQUEST		Home	1667758237699	1667758238190	OK	 
REQUEST		Home	1667758237974	1667758238217	OK	 
REQUEST		Home Redirect 1	1667758237746	1667758238231	OK	 
REQUEST		Home Redirect 1	1667758238191	1667758238435	OK	 
REQUEST		Home	1667758238191	1667758238436	OK	 
REQUEST		Home Redirect 1	1667758238217	1667758238460	OK	 
REQUEST		Home Redirect 1	1667758238436	1667758238685	OK	 
REQUEST		Page 4	1667758238527	1667758238764	OK	 
REQUEST		Page 3	1667758237729	1667758238842	OK	 
REQUEST		Page 3	1667758238637	1667758238923	OK	 
REQUEST		Page 1	1667758238700	1667758238976	OK	 
REQUEST		Select	1667758238807	1667758239079	OK	 
REQUEST		Home	1667758239117	1667758239394	OK	 
REQUEST		Select	1667758238961	1667758239435	OK	 
REQUEST		Home Redirect 1	1667758239395	1667758239678	OK	 
REQUEST		Search	1667758239441	1667758239687	OK	 
REQUEST		Page 2	1667758239659	1667758239940	OK	 
REQUEST		Page 4	1667758239675	1667758239962	OK	 
REQUEST		Home	1667758236700	1667758240197	OK	 
REQUEST		Home	1667758240088	1667758240360	OK	 
REQUEST		Home Redirect 1	1667758240360	1667758240637	OK	 
REQUEST		Page 4	1667758239580	1667758240677	OK	 
REQUEST		Home Redirect 1	1667758240198	1667758240686	OK	 
REQUEST		Home	1667758240448	1667758240693	OK	 
REQUEST		Page 1	1667758240477	1667758240720	OK	 
REQUEST		Page 1	1667758240243	1667758240740	OK	 
REQUEST		Page 3	1667758240583	1667758240862	OK	 
REQUEST		Page 2	1667758241399	1667758241645	OK	 
REQUEST		Page 2	1667758241413	1667758241662	OK	 
REQUEST		Page 1	1667758240694	1667758241690	OK	 
REQUEST		Home Redirect 1	1667758240693	1667758241701	OK	 
REQUEST		Page 4	1667758241599	1667758241880	OK	 
REQUEST		Page 1	1667758241696	1667758241971	OK	 
REQUEST		Page 3	1667758242285	1667758242532	OK	 
REQUEST		Page 3	1667758242300	1667758242544	OK	 
REQUEST		Page 2	1667758242363	1667758242605	OK	 
REQUEST		Search	1667758241690	1667758242683	OK	 
REQUEST		Page 1	1667758242640	1667758242911	OK	 
REQUEST		Page 3	1667758243239	1667758243484	OK	 
REQUEST		Page 4	1667758243269	1667758243512	OK	 
REQUEST		Page 4	1667758243285	1667758243534	OK	 
REQUEST		Page 2	1667758242655	1667758243780	OK	 
REQUEST		Page 2	1667758243595	1667758243872	OK	 
REQUEST		Form	1667758243779	1667758244025	OK	 
REQUEST		Select	1667758243687	1667758244173	OK	 
REQUEST		Page 1	1667758243717	1667758244202	OK	 
REQUEST		Page 4	1667758244226	1667758244463	OK	 
REQUEST		Page 3	1667758244412	1667758244692	OK	 
REQUEST		Page 3	1667758244517	1667758244793	OK	 
USER	Users	END	1667758244968
REQUEST		Post	1667758245033	1667758245277	OK	 
REQUEST		Home	1667758245182	1667758245431	OK	 
REQUEST		Post Redirect 1	1667758245292	1667758245530	OK	 
USER	Admins	END	1667758245531
USER	Users	END	1667758245693
REQUEST		Page 4	1667758245431	1667758245713	OK	 
REQUEST		Page 4	1667758245537	1667758245811	OK	 
REQUEST		Page 2	1667758244888	1667758245914	OK	 
REQUEST		Home Redirect 1	1667758245432	1667758245918	OK	 
REQUEST		Page 3	1667758246557	1667758246804	OK	 
USER	Users	END	1667758246883
USER	Users	END	1667758248520
REQUEST		Page 4	1667758247549	1667758248535	OK	 
USER	Users	END	1667758248550
REQUEST		Page 1	1667758247933	1667758248957	OK	 
REQUEST		Form	1667758249478	1667758249720	OK	 
REQUEST		Page 2	1667758249633	1667758250651	OK	 
USER	Users	END	1667758250728
USER	Users	END	1667758250820
REQUEST		Post	1667758250729	1667758250969	OK	 
REQUEST		Select	1667758240694	1667758251146	OK	 
REQUEST		Post Redirect 1	1667758250970	1667758251211	OK	 
USER	Admins	END	1667758251211
REQUEST		Page 3	1667758251282	1667758251764	OK	 
REQUEST		Home	1667758252160	1667758252404	OK	 
REQUEST		Home Redirect 1	1667758252404	1667758252898	OK	 
REQUEST		Page 4	1667758252500	1667758252978	OK	 
USER	Users	END	1667758253547
REQUEST		Page 1	1667758254902	1667758255152	OK	 
REQUEST		Page 2	1667758255833	1667758256078	OK	 
REQUEST		Page 3	1667758256715	1667758256961	OK	 
REQUEST		Page 4	1667758257706	1667758257952	OK	 
USER	Users	END	1667758257984
USER	Users	END	1667758262977
